<?xml version="1.0" encoding="UTF-8"?>
<beans xmlns="http://www.springframework.org/schema/beans"
	xmlns:xsi="http://www.w3.org/2001/XMLSchema-instance"
	xmlns:context="http://www.springframework.org/schema/context"
	xmlns:mvc="http://www.springframework.org/schema/mvc"
	xsi:schemaLocation="http://www.springframework.org/schema/beans http://www.springframework.org/schema/beans/spring-beans.xsd
		http://www.springframework.org/schema/context http://www.springframework.org/schema/context/spring-context-3.1.xsd
		http://www.springframework.org/schema/mvc http://www.springframework.org/schema/mvc/spring-mvc-3.1.xsd">

	<context:property-placeholder location="classpath:ec2.properties"/>

	<bean id="serviceLocator" class="org.cirrostratus.sequoia.servicelocator.ServiceLocator" />
		
	
	<!-- this import will instantiate all of the library beans, such as WatchableRegistry and MyServiceWrapper -->
	<import resource="classpath*:META-INF/spring/*.xml" />
	
	<!-- Instantiating your controller in the test environment will look like this 
	<bean class="org.cirrostratus.sequoia.controller.MyController" />
	<bean class="org.cirrostratus.sequoia.controller.HealthCheckController" /> -->
	<bean name="executorService" class="java.util.concurrent.Executors" factory-method="newCachedThreadPool" />
	
	<!-- The controllers are autodetected POJOs labeled with the @Controller 
		annotation. -->
	<context:component-scan base-package="org.cirrostratus.sequoia.watchable.controller" />

	<!-- Turns on support for mapping requests to Spring MVC @Controller methods 
		Also registers default Formatters and Validators for use across all @Controllers -->
	<mvc:annotation-driven />
</beans>
